<?xml version="1.0" encoding="UTF-8" ?>
<testsuite tests="23" failures="0" name="scenariosteps.TestSuiteRunner" time="3.155" errors="0" skipped="0">
  <properties>
    <property name="java.runtime.name" value="Java(TM) SE Runtime Environment"/>
    <property name="cucumber.options" value="--tags @expedia_assignment"/>
    <property name="sun.boot.library.path" value="/Library/Java/JavaVirtualMachines/jdk1.8.0_131.jdk/Contents/Home/jre/lib"/>
    <property name="java.vm.version" value="25.131-b11"/>
    <property name="user.country.format" value="IN"/>
    <property name="gopherProxySet" value="false"/>
    <property name="java.vm.vendor" value="Oracle Corporation"/>
    <property name="maven.multiModuleProjectDirectory" value="/Users/gurpreetsingh/Desktop/workspace/expedia_assignment"/>
    <property name="java.vendor.url" value="http://java.oracle.com/"/>
    <property name="path.separator" value=":"/>
    <property name="guice.disable.misplaced.annotation.check" value="true"/>
    <property name="java.vm.name" value="Java HotSpot(TM) 64-Bit Server VM"/>
    <property name="file.encoding.pkg" value="sun.io"/>
    <property name="user.country" value="US"/>
    <property name="sun.java.launcher" value="SUN_STANDARD"/>
    <property name="sun.os.patch.level" value="unknown"/>
    <property name="java.vm.specification.name" value="Java Virtual Machine Specification"/>
    <property name="user.dir" value="/Users/gurpreetsingh/Desktop/workspace/expedia_assignment"/>
    <property name="java.runtime.version" value="1.8.0_131-b11"/>
    <property name="java.awt.graphicsenv" value="sun.awt.CGraphicsEnvironment"/>
    <property name="java.endorsed.dirs" value="/Library/Java/JavaVirtualMachines/jdk1.8.0_131.jdk/Contents/Home/jre/lib/endorsed"/>
    <property name="os.arch" value="x86_64"/>
    <property name="java.io.tmpdir" value="/var/folders/0d/rblvlrzn27dcbh_6ntth0xfc0000gn/T/"/>
    <property name="line.separator" value="
"/>
    <property name="java.vm.specification.vendor" value="Oracle Corporation"/>
    <property name="os.name" value="Mac OS X"/>
    <property name="classworlds.conf" value="/Users/gurpreetsingh/Downloads/apache-maven-3.5.4/bin/m2.conf"/>
    <property name="sun.jnu.encoding" value="UTF-8"/>
    <property name="java.library.path" value="/Users/gurpreetsingh/Library/Java/Extensions:/Library/Java/Extensions:/Network/Library/Java/Extensions:/System/Library/Java/Extensions:/usr/lib/java:."/>
    <property name="maven.conf" value="/Users/gurpreetsingh/Downloads/apache-maven-3.5.4/conf"/>
    <property name="java.specification.name" value="Java Platform API Specification"/>
    <property name="java.class.version" value="52.0"/>
    <property name="sun.management.compiler" value="HotSpot 64-Bit Tiered Compilers"/>
    <property name="os.version" value="10.14"/>
    <property name="http.nonProxyHosts" value="local|*.local|169.254/16|*.169.254/16"/>
    <property name="library.jansi.path" value="/Users/gurpreetsingh/Downloads/apache-maven-3.5.4/lib/jansi-native"/>
    <property name="user.home" value="/Users/gurpreetsingh"/>
    <property name="user.timezone" value="Asia/Kolkata"/>
    <property name="java.awt.printerjob" value="sun.lwawt.macosx.CPrinterJob"/>
    <property name="java.specification.version" value="1.8"/>
    <property name="file.encoding" value="US-ASCII"/>
    <property name="user.name" value="gurpreetsingh"/>
    <property name="java.class.path" value="/Users/gurpreetsingh/Downloads/apache-maven-3.5.4/boot/plexus-classworlds-2.5.2.jar"/>
    <property name="java.vm.specification.version" value="1.8"/>
    <property name="sun.arch.data.model" value="64"/>
    <property name="java.home" value="/Library/Java/JavaVirtualMachines/jdk1.8.0_131.jdk/Contents/Home/jre"/>
    <property name="sun.java.command" value="org.codehaus.plexus.classworlds.launcher.Launcher clean verify -Dcucumber.options=--tags @expedia_assignment"/>
    <property name="java.specification.vendor" value="Oracle Corporation"/>
    <property name="user.language" value="en"/>
    <property name="awt.toolkit" value="sun.lwawt.macosx.LWCToolkit"/>
    <property name="java.vm.info" value="mixed mode"/>
    <property name="java.version" value="1.8.0_131"/>
    <property name="java.ext.dirs" value="/Users/gurpreetsingh/Library/Java/Extensions:/Library/Java/JavaVirtualMachines/jdk1.8.0_131.jdk/Contents/Home/jre/lib/ext:/Library/Java/Extensions:/Network/Library/Java/Extensions:/System/Library/Java/Extensions:/usr/lib/java"/>
    <property name="sun.boot.class.path" value="/Library/Java/JavaVirtualMachines/jdk1.8.0_131.jdk/Contents/Home/jre/lib/resources.jar:/Library/Java/JavaVirtualMachines/jdk1.8.0_131.jdk/Contents/Home/jre/lib/rt.jar:/Library/Java/JavaVirtualMachines/jdk1.8.0_131.jdk/Contents/Home/jre/lib/sunrsasign.jar:/Library/Java/JavaVirtualMachines/jdk1.8.0_131.jdk/Contents/Home/jre/lib/jsse.jar:/Library/Java/JavaVirtualMachines/jdk1.8.0_131.jdk/Contents/Home/jre/lib/jce.jar:/Library/Java/JavaVirtualMachines/jdk1.8.0_131.jdk/Contents/Home/jre/lib/charsets.jar:/Library/Java/JavaVirtualMachines/jdk1.8.0_131.jdk/Contents/Home/jre/lib/jfr.jar:/Library/Java/JavaVirtualMachines/jdk1.8.0_131.jdk/Contents/Home/jre/classes"/>
    <property name="java.vendor" value="Oracle Corporation"/>
    <property name="maven.home" value="/Users/gurpreetsingh/Downloads/apache-maven-3.5.4"/>
    <property name="file.separator" value="/"/>
    <property name="java.vendor.url.bug" value="http://bugreport.sun.com/bugreport/"/>
    <property name="sun.cpu.endian" value="little"/>
    <property name="sun.io.unicode.encoding" value="UnicodeBig"/>
    <property name="socksNonProxyHosts" value="local|*.local|169.254/16|*.169.254/16"/>
    <property name="ftp.nonProxyHosts" value="local|*.local|169.254/16|*.169.254/16"/>
    <property name="sun.cpu.isalist" value=""/>
  </properties>
  <testcase classname="| employee.sql | 2 |" name="Given user connects to DB" time="0.002"/>
  <testcase classname="| employee.sql | 2 |" name="Then user execute the following query employee.sql" time="0"/>
  <testcase classname="| employee.sql | 2 |" name="And I verify the result count as 2" time="0"/>
  <testcase classname="| employee.sql | 2 |" name="| employee.sql | 2 |" time="1.325"/>
  <testcase classname="| Api_Url | /comments? | postId= | 1 | postId__id__name__email | 1__1__id labore ex et quam laborum__Eliseo@gardner.biz | postId | 5 |" name="When I send http query request using Api_Url /comments? and postId= as 1" time="0"/>
  <testcase classname="| Api_Url | /comments? | postId= | 1 | postId__id__name__email | 1__1__id labore ex et quam laborum__Eliseo@gardner.biz | postId | 5 |" name="Then I validate postId__id__name__email values as 1__1__id labore ex et quam laborum__Eliseo@gardner.biz in response of webservice" time="0"/>
  <testcase classname="| Api_Url | /comments? | postId= | 1 | postId__id__name__email | 1__1__id labore ex et quam laborum__Eliseo@gardner.biz | postId | 5 |" name="And I count postId occurrence in response of webservice as 5" time="0"/>
  <testcase classname="| Api_Url | /comments? | postId= | 1 | postId__id__name__email | 1__1__id labore ex et quam laborum__Eliseo@gardner.biz | postId | 5 |" name="| Api_Url | /comments? | postId= | 1 | postId__id__name__email | 1__1__id labore ex et quam laborum__Eliseo@gardner.biz | postId | 5 |" time="0.002"/>
  <testcase classname="| Api_Url | /comments? | postId= | 2 | postId__id__name__email | 2__6__et fugit eligendi deleniti quidem qui sint nihil autem__Presley.Mueller@myrl.com | postId | 5 |" name="When I send http query request using Api_Url /comments? and postId= as 2" time="0"/>
  <testcase classname="| Api_Url | /comments? | postId= | 2 | postId__id__name__email | 2__6__et fugit eligendi deleniti quidem qui sint nihil autem__Presley.Mueller@myrl.com | postId | 5 |" name="Then I validate postId__id__name__email values as 2__6__et fugit eligendi deleniti quidem qui sint nihil autem__Presley.Mueller@myrl.com in response of webservice" time="0"/>
  <testcase classname="| Api_Url | /comments? | postId= | 2 | postId__id__name__email | 2__6__et fugit eligendi deleniti quidem qui sint nihil autem__Presley.Mueller@myrl.com | postId | 5 |" name="And I count postId occurrence in response of webservice as 5" time="0"/>
  <testcase classname="| Api_Url | /comments? | postId= | 2 | postId__id__name__email | 2__6__et fugit eligendi deleniti quidem qui sint nihil autem__Presley.Mueller@myrl.com | postId | 5 |" name="| Api_Url | /comments? | postId= | 2 | postId__id__name__email | 2__6__et fugit eligendi deleniti quidem qui sint nihil autem__Presley.Mueller@myrl.com | postId | 5 |" time="0.056"/>
  <testcase classname="| BOM | DEL |" name="Given the user is on the expedia website home page" time="0"/>
  <testcase classname="| BOM | DEL |" name="When user clicks on flight icon" time="0"/>
  <testcase classname="| BOM | DEL |" name="And user select flight type as one way" time="0"/>
  <testcase classname="| BOM | DEL |" name="And user enter the source BOM" time="0"/>
  <testcase classname="| BOM | DEL |" name="And user enter the destination DEL" time="0"/>
  <testcase classname="| BOM | DEL |" name="And user selects the date of journey" time="0"/>
  <testcase classname="| BOM | DEL |" name="Then user clicks on search button" time="0"/>
  <testcase classname="| BOM | DEL |" name="Then user should see list of flights with the cheapest on the top" time="0"/>
  <testcase classname="| BOM | DEL |" name="Then I select the cheapest flight" time="0"/>
  <testcase classname="| BOM | DEL |" name="And I verify the price under trip summary" time="0"/>
  <testcase classname="| BOM | DEL |" name="| BOM | DEL |" time="1.77"/>
</testsuite>